{"contracts/Escrow.sol":{"l":{"64":1,"73":1,"81":1,"83":1,"96":1,"104":0,"108":0,"112":0,"117":0,"122":0,"135":0,"139":0,"146":0,"148":0,"160":0,"164":0,"169":0,"171":0,"180":0,"187":0,"189":0,"196":0},"path":"/Users/danielkakai/Desktop/projects/Web3/escrow/contracts/Escrow.sol","s":{"1":1,"2":1,"3":1,"4":0,"5":0,"6":0,"7":0,"8":0,"9":0,"10":0,"11":0,"12":0,"13":0,"14":0,"15":0},"b":{"1":[0,0],"2":[0,0],"3":[0,0],"4":[0,0],"5":[0,0],"6":[0,0],"7":[0,0],"8":[0,0]},"f":{"1":1,"2":1,"3":1,"4":0,"5":0,"6":0,"7":0},"fnMap":{"1":{"name":"constructor","line":63,"loc":{"start":{"line":63,"column":4},"end":{"line":65,"column":4}}},"2":{"name":"addProduct","line":67,"loc":{"start":{"line":67,"column":4},"end":{"line":90,"column":4}}},"3":{"name":"getProduct","line":92,"loc":{"start":{"line":92,"column":4},"end":{"line":97,"column":4}}},"4":{"name":"deposit","line":99,"loc":{"start":{"line":99,"column":4},"end":{"line":129,"column":4}}},"5":{"name":"approveByBuyer","line":131,"loc":{"start":{"line":131,"column":4},"end":{"line":154,"column":4}}},"6":{"name":"rejectedByBuyer","line":156,"loc":{"start":{"line":156,"column":4},"end":{"line":177,"column":4}}},"7":{"name":"productReturned","line":179,"loc":{"start":{"line":179,"column":4},"end":{"line":197,"column":4}}}},"statementMap":{"1":{"start":{"line":73,"column":8},"end":{"line":73,"column":1552}},"2":{"start":{"line":83,"column":8},"end":{"line":83,"column":1862}},"3":{"start":{"line":96,"column":8},"end":{"line":96,"column":55}},"4":{"start":{"line":104,"column":8},"end":{"line":104,"column":2350}},"5":{"start":{"line":108,"column":8},"end":{"line":108,"column":2481}},"6":{"start":{"line":112,"column":8},"end":{"line":112,"column":2641}},"7":{"start":{"line":122,"column":8},"end":{"line":122,"column":2934}},"8":{"start":{"line":135,"column":8},"end":{"line":135,"column":3294}},"9":{"start":{"line":139,"column":8},"end":{"line":139,"column":3455}},"10":{"start":{"line":148,"column":8},"end":{"line":148,"column":3715}},"11":{"start":{"line":160,"column":8},"end":{"line":160,"column":4014}},"12":{"start":{"line":164,"column":8},"end":{"line":164,"column":4175}},"13":{"start":{"line":171,"column":8},"end":{"line":171,"column":4385}},"14":{"start":{"line":180,"column":8},"end":{"line":180,"column":4639}},"15":{"start":{"line":189,"column":8},"end":{"line":189,"column":4900}}},"branchMap":{"1":{"line":104,"type":"if","locations":[{"start":{"line":104,"column":8},"end":{"line":104,"column":8}},{"start":{"line":104,"column":8},"end":{"line":104,"column":8}}]},"2":{"line":108,"type":"if","locations":[{"start":{"line":108,"column":8},"end":{"line":108,"column":8}},{"start":{"line":108,"column":8},"end":{"line":108,"column":8}}]},"3":{"line":112,"type":"if","locations":[{"start":{"line":112,"column":8},"end":{"line":112,"column":8}},{"start":{"line":112,"column":8},"end":{"line":112,"column":8}}]},"4":{"line":135,"type":"if","locations":[{"start":{"line":135,"column":8},"end":{"line":135,"column":8}},{"start":{"line":135,"column":8},"end":{"line":135,"column":8}}]},"5":{"line":139,"type":"if","locations":[{"start":{"line":139,"column":8},"end":{"line":139,"column":8}},{"start":{"line":139,"column":8},"end":{"line":139,"column":8}}]},"6":{"line":160,"type":"if","locations":[{"start":{"line":160,"column":8},"end":{"line":160,"column":8}},{"start":{"line":160,"column":8},"end":{"line":160,"column":8}}]},"7":{"line":164,"type":"if","locations":[{"start":{"line":164,"column":8},"end":{"line":164,"column":8}},{"start":{"line":164,"column":8},"end":{"line":164,"column":8}}]},"8":{"line":180,"type":"if","locations":[{"start":{"line":180,"column":8},"end":{"line":180,"column":8}},{"start":{"line":180,"column":8},"end":{"line":180,"column":8}}]}}}}