TN:
SF:/Users/danielkakai/Desktop/projects/Web3/escrow/contracts/Escrow.sol
FN:63,constructor
FN:67,addProduct
FN:92,getProduct
FN:99,deposit
FN:131,approveByBuyer
FN:156,rejectedByBuyer
FN:179,productReturned
FNF:7
FNH:3
FNDA:1,constructor
FNDA:1,addProduct
FNDA:1,getProduct
FNDA:0,deposit
FNDA:0,approveByBuyer
FNDA:0,rejectedByBuyer
FNDA:0,productReturned
DA:64,1
DA:73,1
DA:81,1
DA:83,1
DA:96,1
DA:104,0
DA:108,0
DA:112,0
DA:117,0
DA:122,0
DA:135,0
DA:139,0
DA:146,0
DA:148,0
DA:160,0
DA:164,0
DA:169,0
DA:171,0
DA:180,0
DA:187,0
DA:189,0
DA:196,0
LF:22
LH:5
BRDA:104,1,0,0
BRDA:104,1,1,0
BRDA:108,2,0,0
BRDA:108,2,1,0
BRDA:112,3,0,0
BRDA:112,3,1,0
BRDA:135,4,0,0
BRDA:135,4,1,0
BRDA:139,5,0,0
BRDA:139,5,1,0
BRDA:160,6,0,0
BRDA:160,6,1,0
BRDA:164,7,0,0
BRDA:164,7,1,0
BRDA:180,8,0,0
BRDA:180,8,1,0
BRF:16
BRH:0
end_of_record
